This is pdfTeX, Version 3.141592653-2.6-1.40.25 (MiKTeX 23.4) (preloaded format=pdflatex 2023.4.18)  2 FEB 2024 16:54
entering extended mode
 restricted \write18 enabled.
 %&-line parsing enabled.
**D:/Phd/R/packages/WaverideR/.Rd2pdf11892/Rd2.tex
(D:/Phd/R/packages/WaverideR/.Rd2pdf11892/Rd2.tex
LaTeX2e <2022-11-01> patch level 1
L3 programming layer <2023-03-30>
(C:\Users\Administrator\AppData\Local\Programs\MiKTeX\tex/latex/base\book.cls
Document Class: book 2022/07/02 v1.4n Standard LaTeX document class
(C:\Users\Administrator\AppData\Local\Programs\MiKTeX\tex/latex/base\bk10.clo
File: bk10.clo 2022/07/02 v1.4n Standard LaTeX file (size option)
)
\c@part=\count185
\c@chapter=\count186
\c@section=\count187
\c@subsection=\count188
\c@subsubsection=\count189
\c@paragraph=\count190
\c@subparagraph=\count191
\c@figure=\count192
\c@table=\count193
\abovecaptionskip=\skip48
\belowcaptionskip=\skip49
\bibindent=\dimen140
) (C:/PROGRA~1/R/R-devel/share/texmf/tex/latex\Rd.sty
Package: Rd 

(C:\Users\Administrator\AppData\Local\Programs\MiKTeX\tex/latex/base\ifthen.sty
Package: ifthen 2022/04/13 v1.1d Standard LaTeX ifthen package (DPC)
)
(C:\Users\Administrator\AppData\Local\Programs\MiKTeX\tex/latex/tools\longtable
.sty
Package: longtable 2021-09-01 v4.17 Multi-page Table package (DPC)
\LTleft=\skip50
\LTright=\skip51
\LTpre=\skip52
\LTpost=\skip53
\LTchunksize=\count194
\LTcapwidth=\dimen141
\LT@head=\box51
\LT@firsthead=\box52
\LT@foot=\box53
\LT@lastfoot=\box54
\LT@gbox=\box55
\LT@cols=\count195
\LT@rows=\count196
\c@LT@tables=\count197
\c@LT@chunks=\count198
\LT@p@ftn=\toks16
)
(C:\Users\Administrator\AppData\Local\Programs\MiKTeX\tex/latex/tools\bm.sty
Package: bm 2022/01/05 v1.2f Bold Symbol Support (DPC/FMi)
\symboldoperators=\mathgroup4
\symboldletters=\mathgroup5
\symboldsymbols=\mathgroup6
Package bm Info: No bold for \OMX/cmex/m/n, using \pmb.
LaTeX Font Info:    Redeclaring math alphabet \mathbf on input line 149.
)
(C:\Users\Administrator\AppData\Local\Programs\MiKTeX\tex/latex/base\alltt.sty
Package: alltt 2021/01/29 v2.0g defines alltt environment
)
(C:\Users\Administrator\AppData\Local\Programs\MiKTeX\tex/latex/tools\verbatim.
sty
Package: verbatim 2022-07-02 v1.5u LaTeX2e package for verbatim enhancements
\every@verbatim=\toks17
\verbatim@line=\toks18
\verbatim@in@stream=\read2
)
(C:\Users\Administrator\AppData\Local\Programs\MiKTeX\tex/latex/url\url.sty
\Urlmuskip=\muskip16
Package: url 2013/09/16  ver 3.4  Verb mode for urls, etc.
)
(C:\Users\Administrator\AppData\Local\Programs\MiKTeX\tex/latex/base\textcomp.s
ty
Package: textcomp 2020/02/02 v2.0n Standard LaTeX package
)
(C:\Users\Administrator\AppData\Local\Programs\MiKTeX\tex/latex/amsmath\amsmath
.sty
Package: amsmath 2022/04/08 v2.17n AMS math features
\@mathmargin=\skip54

For additional information on amsmath, use the `?' option.

(C:\Users\Administrator\AppData\Local\Programs\MiKTeX\tex/latex/amsmath\amstext
.sty
Package: amstext 2021/08/26 v2.01 AMS text

(C:\Users\Administrator\AppData\Local\Programs\MiKTeX\tex/latex/amsmath\amsgen.
sty
File: amsgen.sty 1999/11/30 v2.0 generic functions
\@emptytoks=\toks19
\ex@=\dimen142
))
(C:\Users\Administrator\AppData\Local\Programs\MiKTeX\tex/latex/amsmath\amsbsy.
sty
Package: amsbsy 1999/11/29 v1.2d Bold Symbols
LaTeX Info: Redefining \boldsymbol on input line 28.
\pmbraise@=\dimen143
)
(C:\Users\Administrator\AppData\Local\Programs\MiKTeX\tex/latex/amsmath\amsopn.
sty
Package: amsopn 2022/04/08 v2.04 operator names
)
\inf@bad=\count199
LaTeX Info: Redefining \frac on input line 234.
\uproot@=\count266
\leftroot@=\count267
LaTeX Info: Redefining \overline on input line 399.
LaTeX Info: Redefining \colon on input line 410.
\classnum@=\count268
\DOTSCASE@=\count269
LaTeX Info: Redefining \ldots on input line 496.
LaTeX Info: Redefining \dots on input line 499.
LaTeX Info: Redefining \cdots on input line 620.
\Mathstrutbox@=\box56
\strutbox@=\box57
LaTeX Info: Redefining \big on input line 722.
LaTeX Info: Redefining \Big on input line 723.
LaTeX Info: Redefining \bigg on input line 724.
LaTeX Info: Redefining \Bigg on input line 725.
\big@size=\dimen144
LaTeX Font Info:    Redeclaring font encoding OML on input line 743.
LaTeX Font Info:    Redeclaring font encoding OMS on input line 744.
\macc@depth=\count270
LaTeX Info: Redefining \bmod on input line 905.
LaTeX Info: Redefining \pmod on input line 910.
LaTeX Info: Redefining \smash on input line 940.
LaTeX Info: Redefining \relbar on input line 970.
LaTeX Info: Redefining \Relbar on input line 971.
\c@MaxMatrixCols=\count271
\dotsspace@=\muskip17
\c@parentequation=\count272
\dspbrk@lvl=\count273
\tag@help=\toks20
\row@=\count274
\column@=\count275
\maxfields@=\count276
\andhelp@=\toks21
\eqnshift@=\dimen145
\alignsep@=\dimen146
\tagshift@=\dimen147
\tagwidth@=\dimen148
\totwidth@=\dimen149
\lineht@=\dimen150
\@envbody=\toks22
\multlinegap=\skip55
\multlinetaggap=\skip56
\mathdisplay@stack=\toks23
LaTeX Info: Redefining \[ on input line 2953.
LaTeX Info: Redefining \] on input line 2954.
)
(C:\Users\Administrator\AppData\Local\Programs\MiKTeX\tex/latex/amsfonts\amsfon
ts.sty
Package: amsfonts 2013/01/14 v3.01 Basic AMSFonts support
\symAMSa=\mathgroup7
\symAMSb=\mathgroup8
LaTeX Font Info:    Redeclaring math symbol \hbar on input line 98.
LaTeX Font Info:    Overwriting math alphabet `\mathfrak' in version `bold'
(Font)                  U/euf/m/n --> U/euf/b/n on input line 106.
)
(C:\Users\Administrator\AppData\Local\Programs\MiKTeX\tex/latex/amsfonts\amssym
b.sty
Package: amssymb 2013/01/14 v3.01 AMS font symbols
)
(C:\Users\Administrator\AppData\Local\Programs\MiKTeX\tex/latex/jknappen\mathrs
fs.sty
Package: mathrsfs 1996/01/01 Math RSFS package v1.0 (jk)
\symrsfs=\mathgroup9
)
\ldescriptionwidth=\skip57

(C:\Users\Administrator\AppData\Local\Programs\MiKTeX\tex/generic/iftex\iftex.s
ty
Package: iftex 2022/02/03 v1.0f TeX engine tests
)
(C:\Users\Administrator\AppData\Local\Programs\MiKTeX\tex/latex/base\fontenc.st
y
Package: fontenc 2021/04/29 v2.0v Standard LaTeX package
)
(C:\Users\Administrator\AppData\Local\Programs\MiKTeX\tex/latex/psnfss\times.st
y
Package: times 2020/03/25 PSNFSS-v9.3 (SPQR) 
)
(C:\Users\Administrator\AppData\Local\Programs\MiKTeX\tex/latex/inconsolata\zi4
.sty
Package: zi4 2019/05/17 v1.12
 `inconsolata-zi4' v1.12, 2019/05/17 Text macros for Inconsolata (msharpe)
(C:\Users\Administrator\AppData\Local\Programs\MiKTeX\tex/latex/xkeyval\xkeyval
.sty
Package: xkeyval 2022/06/16 v2.9 package option processing (HA)

(C:\Users\Administrator\AppData\Local\Programs\MiKTeX\tex/generic/xkeyval\xkeyv
al.tex
(C:\Users\Administrator\AppData\Local\Programs\MiKTeX\tex/generic/xkeyval\xkvut
ils.tex
\XKV@toks=\toks24
\XKV@tempa@toks=\toks25

(C:\Users\Administrator\AppData\Local\Programs\MiKTeX\tex/generic/xkeyval\keyva
l.tex))
\XKV@depth=\count277
File: xkeyval.tex 2014/12/03 v2.7a key=value parser (HA)
))
\zifour@ocount=\count278
)
(C:\Users\Administrator\AppData\Local\Programs\MiKTeX\tex/latex/graphics\color.
sty
Package: color 2022/01/06 v1.3d Standard LaTeX Color (DPC)

(C:\Users\Administrator\AppData\Local\Programs\MiKTeX\tex/latex/graphics-cfg\co
lor.cfg
File: color.cfg 2016/01/02 v1.6 sample color configuration
)
Package color Info: Driver file: pdftex.def on input line 149.

(C:\Users\Administrator\AppData\Local\Programs\MiKTeX\tex/latex/graphics-def\pd
ftex.def
File: pdftex.def 2022/09/22 v1.2b Graphics/color driver for pdftex
)
(C:\Users\Administrator\AppData\Local\Programs\MiKTeX\tex/latex/graphics\mathco
lor.ltx))
(C:\Users\Administrator\AppData\Local\Programs\MiKTeX\tex/latex/hyperref\hyperr
ef.sty
Package: hyperref 2023-02-07 v7.00v Hypertext links for LaTeX

(C:\Users\Administrator\AppData\Local\Programs\MiKTeX\tex/generic/ltxcmds\ltxcm
ds.sty
Package: ltxcmds 2020-05-10 v1.25 LaTeX kernel commands for general use (HO)
)
(C:\Users\Administrator\AppData\Local\Programs\MiKTeX\tex/generic/pdftexcmds\pd
ftexcmds.sty
Package: pdftexcmds 2020-06-27 v0.33 Utility functions of pdfTeX for LuaTeX (HO
)

(C:\Users\Administrator\AppData\Local\Programs\MiKTeX\tex/generic/infwarerr\inf
warerr.sty
Package: infwarerr 2019/12/03 v1.5 Providing info/warning/error messages (HO)
)
Package pdftexcmds Info: \pdf@primitive is available.
Package pdftexcmds Info: \pdf@ifprimitive is available.
Package pdftexcmds Info: \pdfdraftmode found.
)
(C:\Users\Administrator\AppData\Local\Programs\MiKTeX\tex/latex/kvsetkeys\kvset
keys.sty
Package: kvsetkeys 2022-10-05 v1.19 Key value parser (HO)
)
(C:\Users\Administrator\AppData\Local\Programs\MiKTeX\tex/generic/kvdefinekeys\
kvdefinekeys.sty
Package: kvdefinekeys 2019-12-19 v1.6 Define keys (HO)
)
(C:\Users\Administrator\AppData\Local\Programs\MiKTeX\tex/generic/pdfescape\pdf
escape.sty
Package: pdfescape 2019/12/09 v1.15 Implements pdfTeX's escape features (HO)
)
(C:\Users\Administrator\AppData\Local\Programs\MiKTeX\tex/latex/hycolor\hycolor
.sty
Package: hycolor 2020-01-27 v1.10 Color options for hyperref/bookmark (HO)
)
(C:\Users\Administrator\AppData\Local\Programs\MiKTeX\tex/latex/letltxmacro\let
ltxmacro.sty
Package: letltxmacro 2019/12/03 v1.6 Let assignment for LaTeX macros (HO)
)
(C:\Users\Administrator\AppData\Local\Programs\MiKTeX\tex/latex/auxhook\auxhook
.sty
Package: auxhook 2019-12-17 v1.6 Hooks for auxiliary files (HO)
)
(C:\Users\Administrator\AppData\Local\Programs\MiKTeX\tex/latex/hyperref\namere
f.sty
Package: nameref 2022-05-17 v2.50 Cross-referencing by name of section

(C:\Users\Administrator\AppData\Local\Programs\MiKTeX\tex/latex/refcount\refcou
nt.sty
Package: refcount 2019/12/15 v3.6 Data extraction from label references (HO)
)
(C:\Users\Administrator\AppData\Local\Programs\MiKTeX\tex/generic/gettitlestrin
g\gettitlestring.sty
Package: gettitlestring 2019/12/15 v1.6 Cleanup title references (HO)

(C:\Users\Administrator\AppData\Local\Programs\MiKTeX\tex/latex/kvoptions\kvopt
ions.sty
Package: kvoptions 2022-06-15 v3.15 Key value format for package options (HO)
))
\c@section@level=\count279
)
\@linkdim=\dimen151
\Hy@linkcounter=\count280
\Hy@pagecounter=\count281

(C:\Users\Administrator\AppData\Local\Programs\MiKTeX\tex/latex/hyperref\pd1enc
.def
File: pd1enc.def 2023-02-07 v7.00v Hyperref: PDFDocEncoding definition (HO)
Now handling font encoding PD1 ...
... no UTF-8 mapping file for font encoding PD1
)
(C:\Users\Administrator\AppData\Local\Programs\MiKTeX\tex/generic/intcalc\intca
lc.sty
Package: intcalc 2019/12/15 v1.3 Expandable calculations with integers (HO)
)
(C:\Users\Administrator\AppData\Local\Programs\MiKTeX\tex/generic/etexcmds\etex
cmds.sty
Package: etexcmds 2019/12/15 v1.7 Avoid name clashes with e-TeX commands (HO)
)
\Hy@SavedSpaceFactor=\count282

(C:\Users\Administrator\AppData\Local\Programs\MiKTeX\tex/latex/hyperref\puenc.
def
File: puenc.def 2023-02-07 v7.00v Hyperref: PDF Unicode definition (HO)
Now handling font encoding PU ...
... no UTF-8 mapping file for font encoding PU
)
Package hyperref Info: Hyper figures OFF on input line 4177.
Package hyperref Info: Link nesting OFF on input line 4182.
Package hyperref Info: Hyper index ON on input line 4185.
Package hyperref Info: Plain pages OFF on input line 4192.
Package hyperref Info: Backreferencing OFF on input line 4197.
Package hyperref Info: Implicit mode ON; LaTeX internals redefined.
Package hyperref Info: Bookmarks ON on input line 4425.
\c@Hy@tempcnt=\count283
LaTeX Info: Redefining \url on input line 4763.
\XeTeXLinkMargin=\dimen152

(C:\Users\Administrator\AppData\Local\Programs\MiKTeX\tex/generic/bitset\bitset
.sty
Package: bitset 2019/12/09 v1.3 Handle bit-vector datatype (HO)

(C:\Users\Administrator\AppData\Local\Programs\MiKTeX\tex/generic/bigintcalc\bi
gintcalc.sty
Package: bigintcalc 2019/12/15 v1.5 Expandable calculations on big integers (HO
)
))
\Fld@menulength=\count284
\Field@Width=\dimen153
\Fld@charsize=\dimen154
Package hyperref Info: Hyper figures OFF on input line 6042.
Package hyperref Info: Link nesting OFF on input line 6047.
Package hyperref Info: Hyper index ON on input line 6050.
Package hyperref Info: backreferencing OFF on input line 6057.
Package hyperref Info: Link coloring OFF on input line 6062.
Package hyperref Info: Link coloring with OCG OFF on input line 6067.
Package hyperref Info: PDF/A mode OFF on input line 6072.

(C:\Users\Administrator\AppData\Local\Programs\MiKTeX\tex/latex/base\atbegshi-l
tx.sty
Package: atbegshi-ltx 2021/01/10 v1.0c Emulation of the original atbegshi
package with kernel methods
)
\Hy@abspage=\count285
\c@Item=\count286
\c@Hfootnote=\count287
)
Package hyperref Info: Driver (autodetected): hpdftex.

(C:\Users\Administrator\AppData\Local\Programs\MiKTeX\tex/latex/hyperref\hpdfte
x.def
File: hpdftex.def 2023-02-07 v7.00v Hyperref driver for pdfTeX

(C:\Users\Administrator\AppData\Local\Programs\MiKTeX\tex/latex/base\atveryend-
ltx.sty
Package: atveryend-ltx 2020/08/19 v1.0a Emulation of the original atveryend pac
kage
with kernel methods
)
\Fld@listcount=\count288
\c@bookmark@seq@number=\count289

(C:\Users\Administrator\AppData\Local\Programs\MiKTeX\tex/latex/rerunfilecheck\
rerunfilecheck.sty
Package: rerunfilecheck 2022-07-10 v1.10 Rerun checks for auxiliary files (HO)

(C:\Users\Administrator\AppData\Local\Programs\MiKTeX\tex/generic/uniquecounter
\uniquecounter.sty
Package: uniquecounter 2019/12/15 v1.4 Provide unlimited unique counter (HO)
)
Package uniquecounter Info: New unique counter `rerunfilecheck' on input line 2
85.
)
\Hy@SectionHShift=\skip58
)

Package hyperref Warning: Option `hyperindex' has already been used,
(hyperref)                setting the option has no effect on input line 391.

Package hyperref Info: Option `colorlinks' set `true' on input line 391.

Package hyperref Warning: Option `pagebackref' has already been used,
(hyperref)                setting the option has no effect on input line 391.

Package hyperref Info: Option `linktocpage' set `true' on input line 391.
Package hyperref Info: Option `plainpages' set `false' on input line 391.
)
(C:\Users\Administrator\AppData\Local\Programs\MiKTeX\tex/latex/base\makeidx.st
y
Package: makeidx 2021/10/04 v1.0m Standard LaTeX package
)
(C:\Users\Administrator\AppData\Local\Programs\MiKTeX\tex/latex/base\inputenc.s
ty
Package: inputenc 2021/02/14 v1.3d Input encoding file
\inpenc@prehook=\toks26
\inpenc@posthook=\toks27
)
\@indexfile=\write3
\openout3 = `Rd2.idx'.


Writing index file Rd2.idx
LaTeX Font Info:    Trying to load font information for T1+ptm on input line 8.


(C:\Users\Administrator\AppData\Local\Programs\MiKTeX\tex/latex/psnfss\t1ptm.fd
File: t1ptm.fd 2001/06/04 font definitions for T1/ptm.
)
(C:\Users\Administrator\AppData\Local\Programs\MiKTeX\tex/latex/l3backend\l3bac
kend-pdftex.def
File: l3backend-pdftex.def 2023-03-30 L3 backend support: PDF output (pdfTeX)
\l__color_backend_stack_int=\count290
\l__pdf_internal_box=\box58
) (Rd2.aux)
\openout1 = `Rd2.aux'.

LaTeX Font Info:    Checking defaults for OML/cmm/m/it on input line 8.
LaTeX Font Info:    ... okay on input line 8.
LaTeX Font Info:    Checking defaults for OMS/cmsy/m/n on input line 8.
LaTeX Font Info:    ... okay on input line 8.
LaTeX Font Info:    Checking defaults for OT1/cmr/m/n on input line 8.
LaTeX Font Info:    ... okay on input line 8.
LaTeX Font Info:    Checking defaults for T1/cmr/m/n on input line 8.
LaTeX Font Info:    ... okay on input line 8.
LaTeX Font Info:    Checking defaults for TS1/cmr/m/n on input line 8.
LaTeX Font Info:    ... okay on input line 8.
LaTeX Font Info:    Checking defaults for OMX/cmex/m/n on input line 8.
LaTeX Font Info:    ... okay on input line 8.
LaTeX Font Info:    Checking defaults for U/cmr/m/n on input line 8.
LaTeX Font Info:    ... okay on input line 8.
LaTeX Font Info:    Checking defaults for PD1/pdf/m/n on input line 8.
LaTeX Font Info:    ... okay on input line 8.
LaTeX Font Info:    Checking defaults for PU/pdf/m/n on input line 8.
LaTeX Font Info:    ... okay on input line 8.

(C:\Users\Administrator\AppData\Local\Programs\MiKTeX\tex/context/base/mkii\sup
p-pdf.mkii
[Loading MPS to PDF converter (version 2006.09.02).]
\scratchcounter=\count291
\scratchdimen=\dimen155
\scratchbox=\box59
\nofMPsegments=\count292
\nofMParguments=\count293
\everyMPshowfont=\toks28
\MPscratchCnt=\count294
\MPscratchDim=\dimen156
\MPnumerator=\count295
\makeMPintoPDFobject=\count296
\everyMPtoPDFconversion=\toks29
)
Package hyperref Info: Link coloring ON on input line 8.
 (Rd2.out) (Rd2.out)
\@outlinefile=\write4
\openout4 = `Rd2.out'.

LaTeX Font Info:    Trying to load font information for T1+zi4 on input line 22
.

(C:\Users\Administrator\AppData\Local\Programs\MiKTeX\tex/latex/inconsolata\t1z
i4.fd
File: t1zi4.fd 2018/01/14 T1/zi4 (Inconsolata)
)
LaTeX Font Info:    Font shape `T1/zi4/m/n' will be
(Font)              scaled to size 10.0pt on input line 22.

Overfull \hbox (242.8458pt too wide) in paragraph at lines 24--25
\T1/ptm/m/n/10 ach,stats,tcltk,matrixStats,reshape2,truncnorm,grDevices,graphic
s,parallel,astrochron,biwavelet,WaveletComp,RColorBrewer,colorRamps,viridis,mag
ick,rlist  
 []

LaTeX Font Info:    Trying to load font information for TS1+ptm on input line 2
5.

(C:\Users\Administrator\AppData\Local\Programs\MiKTeX\tex/latex/psnfss\ts1ptm.f
d
File: ts1ptm.fd 2001/06/04 font definitions for TS1/ptm.
)
LaTeX Font Info:    Trying to load font information for U+msa on input line 25.


(C:\Users\Administrator\AppData\Local\Programs\MiKTeX\tex/latex/amsfonts\umsa.f
d
File: umsa.fd 2013/01/14 v3.01 AMS symbols A
)
LaTeX Font Info:    Trying to load font information for U+msb on input line 25.


(C:\Users\Administrator\AppData\Local\Programs\MiKTeX\tex/latex/amsfonts\umsb.f
d
File: umsb.fd 2013/01/14 v3.01 AMS symbols B
)
LaTeX Font Info:    Trying to load font information for U+rsfs on input line 25
.

(C:\Users\Administrator\AppData\Local\Programs\MiKTeX\tex/latex/jknappen\ursfs.
fd
File: ursfs.fd 1998/03/24 rsfs font definition file (jk)
)
Overfull \hbox (50.76093pt too wide) in paragraph at lines 25--26
\T1/ptm/m/n/10 3881/aa8cce[][]>. Zeebe, R. E. and Lourens, L. J. (2019) <[][]do
i:10.1016/j.epsl.2022.117595[][]>. Richard E. Zeebe Lu- 
 []

[1


{C:/Users/Administrator/AppData/Local/MiKTeX/fonts/map/pdftex/pdftex.map}{C:/Us
ers/Administrator/AppData/Local/Programs/MiKTeX/fonts/enc/dvips/base/8r.enc}{C:
/Users/Administrator/AppData/Local/Programs/MiKTeX/fonts/enc/dvips/inconsolata/
i4-t1-0.enc}]
LaTeX Font Info:    Trying to load font information for T1+phv on input line 36
.

(C:\Users\Administrator\AppData\Local\Programs\MiKTeX\tex/latex/psnfss\t1phv.fd
File: t1phv.fd 2020/03/25 scalable font definitions for T1/phv.
) (Rd2.toc [2])
\tf@toc=\write5
\openout5 = `Rd2.toc'.

 [3]
Overfull \hbox (29.11847pt too wide) in paragraph at lines 89--94
\T1/ptm/m/n/10 choose from so please read the doc-u-men-ta-tion of these pack-a
ges. "[]\T1/zi4/m/n/10 Default=grDevices 
 []


Overfull \hbox (34.1477pt too wide) in paragraph at lines 95--112
\T1/ptm/m/n/10 has the color palette op-tions:"blue2green", "blue2green2red", "
blue2red", "blue2yellow",
 []


Overfull \hbox (12.17784pt too wide) in paragraph at lines 95--112
\T1/ptm/m/n/10 "col-or-Ramps", "cyan2yellow", "green2red", "ma-genta2green", "m
at-lab.like", "mat-
 []


Overfull \hbox (0.10767pt too wide) in paragraph at lines 95--112
\T1/ptm/m/n/10 tions:"rainbow", "heat.colors", "ter-rain.colors","topo.colors" 
and "cm.colors" To
 []

[4]
Overfull \hbox (8.19746pt too wide) in paragraph at lines 118--120
[]\T1/ptm/m/n/10 Add lines to the wavelet plot in-put should be ma-trix with fi
rst axis be-ing depth/time
 []


Overfull \hbox (21.16855pt too wide) in paragraph at lines 128--129
[]\T1/ptm/m/n/10 plot the wavelet hor-i-zon-tal or ver-ti-cal eg y axis is dept
h or y axis power []\T1/zi4/m/n/10 Default=TRUE 
 []

[5]
Overfull \hbox (1.96947pt too wide) in paragraph at lines 165--168
\T1/ptm/m/n/10 can Me-te-o-ro-log-i-cal So-ci-ety 79:61-78. [][]$\T1/zi4/m/n/10
 https : / / paos . colorado . edu / research / wavelets / bams _
 []


Overfull \hbox (22.1096pt too wide) in paragraph at lines 174--177
\T1/ptm/m/n/10 pling the-ory and com-plex waves. Geo-physics 1982 47 (2): 222^^
U236. [][]$\T1/zi4/m/n/10 https : / / pubs . geoscienceworld .
 []


Overfull \hbox (17.78088pt too wide) in paragraph at lines 174--177
\T1/zi4/m/n/10 org / geophysics / article / 47 / 2 / 222 / 68604 / Wave-[]propa
gation-[]and-[]sampling-[]theory-[]Part-[]II$[][] 
 []

LaTeX Font Info:    Font shape `T1/zi4/m/n' will be
(Font)              scaled to size 9.0pt on input line 180.
[6]
Underfull \vbox (badness 10000) has occurred while \output is active []

 [7]
[8]
Overfull \hbox (21.16855pt too wide) in paragraph at lines 352--353
[]\T1/ptm/m/n/10 plot the wavelet hor-i-zon-tal or ver-ti-cal eg y axis is dept
h or y axis power []\T1/zi4/m/n/10 Default=TRUE 
 []


Overfull \hbox (1.96947pt too wide) in paragraph at lines 383--386
\T1/ptm/m/n/10 can Me-te-o-ro-log-i-cal So-ci-ety 79:61-78. [][]$\T1/zi4/m/n/10
 https : / / paos . colorado . edu / research / wavelets / bams _
 []


Overfull \hbox (22.1096pt too wide) in paragraph at lines 392--395
\T1/ptm/m/n/10 pling the-ory and com-plex waves. Geo-physics 1982 47 (2): 222^^
U236. [][]$\T1/zi4/m/n/10 https : / / pubs . geoscienceworld .
 []


Overfull \hbox (17.78088pt too wide) in paragraph at lines 392--395
\T1/zi4/m/n/10 org / geophysics / article / 47 / 2 / 222 / 68604 / Wave-[]propa
gation-[]and-[]sampling-[]theory-[]Part-[]II$[][] 
 []

[9] [10]
Underfull \vbox (badness 10000) has occurred while \output is active []

 [11]
Underfull \hbox (badness 10000) in paragraph at lines 553--555

 []

[12]
Overfull \hbox (53.1382pt too wide) in paragraph at lines 596--601
\T1/ptm/m/n/10 suc-ces-sive pe-ri-ods which in-crease by the power of 2 (e.g.2^
0=1,2^1=2,2^2=4,2^3=8,2^4=16).
 []

[13]
Overfull \hbox (1.96947pt too wide) in paragraph at lines 673--676
\T1/ptm/m/n/10 can Me-te-o-ro-log-i-cal So-ci-ety 79:61-78. [][]$\T1/zi4/m/n/10
 https : / / paos . colorado . edu / research / wavelets / bams _
 []


Overfull \hbox (22.1096pt too wide) in paragraph at lines 682--685
\T1/ptm/m/n/10 pling the-ory and com-plex waves. Geo-physics 1982 47 (2): 222^^
U236. [][]$\T1/zi4/m/n/10 https : / / pubs . geoscienceworld .
 []


Overfull \hbox (17.78088pt too wide) in paragraph at lines 682--685
\T1/zi4/m/n/10 org / geophysics / article / 47 / 2 / 222 / 68604 / Wave-[]propa
gation-[]and-[]sampling-[]theory-[]Part-[]II$[][] 
 []

[14] [15]
Underfull \hbox (badness 10000) in paragraph at lines 800--802

 []

[16]
Underfull \hbox (badness 10000) in paragraph at lines 813--816

 []


Overfull \hbox (26.37794pt too wide) in paragraph at lines 817--820
\T1/ptm/m/n/10 close en-coun-ters with Ceres and Vesta, As-tron. As-tro-phys., 
532, L4,<doi:10.1051/0004-6361/201117504> 
 []


Underfull \hbox (badness 10000) in paragraph at lines 817--820

 []


Underfull \hbox (badness 10000) in paragraph at lines 834--838

 []

[17]
Underfull \hbox (badness 10000) in paragraph at lines 864--866

 []

[18]
Overfull \hbox (19.02925pt too wide) in paragraph at lines 903--904
[]\T1/ptm/m/n/10 La2010a Obliq-uity so-lu-tion down-load-able via the [][]$\T1/
zi4/m/n/10 http : / / vo . imcce . fr / insola / earth / online /
 []


Overfull \hbox (9.33925pt too wide) in paragraph at lines 904--905
[]\T1/ptm/m/n/10 La2010a Pre-ces-sion so-lu-tion down-load-able via [][]$\T1/zi
4/m/n/10 http : / / vo . imcce . fr / insola / earth / online /
 []


Overfull \hbox (5.46945pt too wide) in paragraph at lines 906--907
[]\T1/ptm/m/n/10 La2010b Obliq-uity so-lu-tion down-load-able via [][]$\T1/zi4/
m/n/10 http : / / vo . imcce . fr / insola / earth / online /
 []


Overfull \hbox (9.8993pt too wide) in paragraph at lines 907--908
[]\T1/ptm/m/n/10 La2010b Pre-ces-sion so-lu-tion down-load-able via [][]$\T1/zi
4/m/n/10 http : / / vo . imcce . fr / insola / earth / online /
 []


Overfull \hbox (4.9094pt too wide) in paragraph at lines 909--910
[]\T1/ptm/m/n/10 La2010c Obliq-uity so-lu-tion down-load-able via [][]$\T1/zi4/
m/n/10 http : / / vo . imcce . fr / insola / earth / online /
 []


Overfull \hbox (9.33925pt too wide) in paragraph at lines 910--911
[]\T1/ptm/m/n/10 La2010c Pre-ces-sion so-lu-tion down-load-able via [][]$\T1/zi
4/m/n/10 http : / / vo . imcce . fr / insola / earth / online /
 []


Overfull \hbox (5.46945pt too wide) in paragraph at lines 912--913
[]\T1/ptm/m/n/10 La2010d Obliq-uity so-lu-tion down-load-able via [][]$\T1/zi4/
m/n/10 http : / / vo . imcce . fr / insola / earth / online /
 []


Overfull \hbo